<?xml version="1.0" encoding="UTF-8"?>
<!-- Generated by org.testng.reporters.JUnitReportReporter -->
<testsuite skipped="0" hostname="DESKTOP-STNINOS" name="com.Vtiger.tests.E2E" tests="1" failures="0" timestamp="19 Aug 2022 15:45:01 GMT" time="8.795" errors="0">
  <testcase name="verify_accountcreation_with_mandatory_fields_TC04" time="8.795" classname="com.Vtiger.tests.E2E"/>
</testsuite> <!-- com.Vtiger.tests.E2E -->
