<?xml version="1.0" encoding="UTF-8"?>
<!-- Generated by org.testng.reporters.JUnitReportReporter -->
<testsuite skipped="0" hostname="DESKTOP-STNINOS" name="com.Vtiger.tests.LoginTest" tests="2" failures="0" timestamp="20 Aug 2022 07:54:59 GMT" time="7.834" errors="0">
  <testcase name="verify_login_with_valid_credentials_TC02" time="3.360" classname="com.Vtiger.tests.LoginTest"/>
  <testcase name="verify_login_with_invalid_credentials_TC01" time="4.474" classname="com.Vtiger.tests.LoginTest"/>
</testsuite> <!-- com.Vtiger.tests.LoginTest -->
