<?xml version="1.0" encoding="UTF-8"?>
<!-- Generated by org.testng.reporters.JUnitReportReporter -->
<testsuite skipped="0" hostname="DESKTOP-STNINOS" name="com.Vtiger.tests.LeadTest" tests="1" failures="0" timestamp="19 Aug 2022 15:34:41 GMT" time="6.578" errors="0">
  <testcase name="verify_leadcreation_with_mandatory_fields_TC03" time="6.578" classname="com.Vtiger.tests.LeadTest"/>
</testsuite> <!-- com.Vtiger.tests.LeadTest -->
